  compilation object save succeeded; see C:\Users\kawad\Desktop\MyEngin\プロジェクト\x64\Debug\OBJGeometryShader.cso
  compilation object save succeeded; see C:\Users\kawad\Desktop\MyEngin\プロジェクト\x64\Debug\OBJPixelShader.cso
  compilation object save succeeded; see C:\Users\kawad\Desktop\MyEngin\プロジェクト\x64\Debug\OBJVertexShader.cso
  compilation object save succeeded; see C:\Users\kawad\Desktop\MyEngin\プロジェクト\x64\Debug\SpritePS.cso
  compilation object save succeeded; see C:\Users\kawad\Desktop\MyEngin\プロジェクト\x64\Debug\SpriteVS.cso
  Audio.cpp
  DirectInput.cpp
  FPS.cpp
C:\Users\kawad\Desktop\MyEngin\プロジェクト\Library\FPS.h(15,29): warning C4305: '初期化中': 'double' から 'const float' へ切り詰めます。
  imgui.cpp
  imgui_demo.cpp
  imgui_draw.cpp
  imgui_impl_dx12.cpp
  imgui_impl_win32.cpp
  imgui_tables.cpp
  imgui_widgets.cpp
  Camera.cpp
  Model.cpp
C:\Users\kawad\Desktop\MyEngin\プロジェクト\Library\Vector.h(48,84): warning C4244: '引数': 'double' から 'float' への変換です。データが失われる可能性があります。
C:\Users\kawad\Desktop\MyEngin\プロジェクト\Library\Vector.h(58,115): warning C4244: '引数': 'double' から 'float' への変換です。データが失われる可能性があります。
C:\Users\kawad\Desktop\MyEngin\プロジェクト\Library\Object3D.h(43,21): warning C4091: 'extern ': 変数が何も宣言されていないときは、'Model3D' の左辺を無視します。
C:\Users\kawad\Desktop\MyEngin\プロジェクト\Library\Object3D.h(44,20): warning C4091: 'extern ': 変数が何も宣言されていないときは、'Camera' の左辺を無視します。
C:\Users\kawad\Desktop\MyEngin\プロジェクト\Library\Object3D.h(45,29): warning C4091: 'extern ': 変数が何も宣言されていないときは、'Object3DManager' の左辺を無視します。
C:\Users\kawad\Desktop\MyEngin\プロジェクト\Library\Object3DMgr.h(33,22): warning C4091: 'extern ': 変数が何も宣言されていないときは、'Object3d' の左辺を無視します。
C:\Users\kawad\Desktop\MyEngin\プロジェクト\Library\Object3DMgr.h(34,20): warning C4091: 'extern ': 変数が何も宣言されていないときは、'Camera' の左辺を無視します。
C:\Users\kawad\Desktop\MyEngin\プロジェクト\Library\Model.cpp(585,15): warning C4553: '==': 式の結果が使用されていません。'=' を意図していますか?
  Object3D.cpp
C:\Users\kawad\Desktop\MyEngin\プロジェクト\Library\Vector.h(48,84): warning C4244: '引数': 'double' から 'float' への変換です。データが失われる可能性があります。
C:\Users\kawad\Desktop\MyEngin\プロジェクト\Library\Vector.h(58,115): warning C4244: '引数': 'double' から 'float' への変換です。データが失われる可能性があります。
C:\Users\kawad\Desktop\MyEngin\プロジェクト\Library\Object3DMgr.h(33,22): warning C4091: 'extern ': 変数が何も宣言されていないときは、'Object3d' の左辺を無視します。
C:\Users\kawad\Desktop\MyEngin\プロジェクト\Library\Object3DMgr.h(34,20): warning C4091: 'extern ': 変数が何も宣言されていないときは、'Camera' の左辺を無視します。
C:\Users\kawad\Desktop\MyEngin\プロジェクト\Library\Object3D.h(43,21): warning C4091: 'extern ': 変数が何も宣言されていないときは、'Model3D' の左辺を無視します。
C:\Users\kawad\Desktop\MyEngin\プロジェクト\Library\Object3D.h(44,20): warning C4091: 'extern ': 変数が何も宣言されていないときは、'Camera' の左辺を無視します。
C:\Users\kawad\Desktop\MyEngin\プロジェクト\Library\Object3D.h(45,29): warning C4091: 'extern ': 変数が何も宣言されていないときは、'Object3DManager' の左辺を無視します。
C:\Users\kawad\Desktop\MyEngin\プロジェクト\Library\Object3D.cpp(171,66): warning C4267: '引数': 'size_t' から 'UINT' に変換しました。データが失われているかもしれません。
C:\Users\kawad\Desktop\MyEngin\プロジェクト\Library\Object3D.cpp(191,61): warning C4267: '引数': 'size_t' から 'UINT' に変換しました。データが失われているかもしれません。
C:\Users\kawad\Desktop\MyEngin\プロジェクト\Library\Object3D.cpp(210,67): warning C4267: '引数': 'size_t' から 'UINT' に変換しました。データが失われているかもしれません。
  Object3DMgr.cpp
C:\Users\kawad\Desktop\MyEngin\プロジェクト\Library\Vector.h(48,84): warning C4244: '引数': 'double' から 'float' への変換です。データが失われる可能性があります。
C:\Users\kawad\Desktop\MyEngin\プロジェクト\Library\Vector.h(58,115): warning C4244: '引数': 'double' から 'float' への変換です。データが失われる可能性があります。
C:\Users\kawad\Desktop\MyEngin\プロジェクト\Library\Object3D.h(43,21): warning C4091: 'extern ': 変数が何も宣言されていないときは、'Model3D' の左辺を無視します。
C:\Users\kawad\Desktop\MyEngin\プロジェクト\Library\Object3D.h(44,20): warning C4091: 'extern ': 変数が何も宣言されていないときは、'Camera' の左辺を無視します。
C:\Users\kawad\Desktop\MyEngin\プロジェクト\Library\Object3D.h(45,29): warning C4091: 'extern ': 変数が何も宣言されていないときは、'Object3DManager' の左辺を無視します。
C:\Users\kawad\Desktop\MyEngin\プロジェクト\Library\Object3DMgr.h(33,22): warning C4091: 'extern ': 変数が何も宣言されていないときは、'Object3d' の左辺を無視します。
C:\Users\kawad\Desktop\MyEngin\プロジェクト\Library\Object3DMgr.h(34,20): warning C4091: 'extern ': 変数が何も宣言されていないときは、'Camera' の左辺を無視します。
C:\Users\kawad\Desktop\MyEngin\プロジェクト\Library\Object3DMgr.cpp(13,49): warning C4244: '=': 'int' から 'float' への変換です。データが失われる可能性があります。
C:\Users\kawad\Desktop\MyEngin\プロジェクト\Library\Object3DMgr.cpp(14,51): warning C4244: '=': 'int' から 'float' への変換です。データが失われる可能性があります。
C:\Users\kawad\Desktop\MyEngin\プロジェクト\Library\Object3DMgr.cpp(15,49): warning C4244: '=': 'int' から 'float' への変換です。データが失われる可能性があります。
C:\Users\kawad\Desktop\MyEngin\プロジェクト\Library\Object3DMgr.cpp(16,50): warning C4244: '=': 'int' から 'float' への変換です。データが失われる可能性があります。
  ISceneManager.cpp
C:\Users\kawad\Desktop\MyEngin\プロジェクト\Library\ISceneManager.cpp(24,26): warning C4267: 'return': 'size_t' から 'int' に変換しました。データが失われているかもしれません。
  random.cpp
  ParticleManager.cpp
C:\Users\kawad\Desktop\MyEngin\プロジェクト\Library\Vector.h(48,84): warning C4244: '引数': 'double' から 'float' への変換です。データが失われる可能性があります。
C:\Users\kawad\Desktop\MyEngin\プロジェクト\Library\Vector.h(58,115): warning C4244: '引数': 'double' から 'float' への変換です。データが失われる可能性があります。
  DX12B.cpp
C:\Users\kawad\Desktop\MyEngin\プロジェクト\Library\Vector.h(48,84): warning C4244: '引数': 'double' から 'float' への変換です。データが失われる可能性があります。
C:\Users\kawad\Desktop\MyEngin\プロジェクト\Library\Vector.h(58,115): warning C4244: '引数': 'double' から 'float' への変換です。データが失われる可能性があります。
C:\Users\kawad\Desktop\MyEngin\プロジェクト\Library\DX12B.cpp(338,82): warning C4244: '引数': 'int' から 'FLOAT' への変換です。データが失われる可能性があります。
C:\Users\kawad\Desktop\MyEngin\プロジェクト\Library\DX12B.cpp(338,60): warning C4244: '引数': 'int' から 'FLOAT' への変換です。データが失われる可能性があります。
  imguiMgr.cpp
C:\Users\kawad\Desktop\MyEngin\プロジェクト\Library\Vector.h(48,84): warning C4244: '引数': 'double' から 'float' への変換です。データが失われる可能性があります。
C:\Users\kawad\Desktop\MyEngin\プロジェクト\Library\Vector.h(58,115): warning C4244: '引数': 'double' から 'float' への変換です。データが失われる可能性があります。
C:\Users\kawad\Desktop\MyEngin\プロジェクト\Library\imguiMgr.cpp(62,36): warning C4244: '引数': 'int' から 'float' への変換です。データが失われる可能性があります。
C:\Users\kawad\Desktop\MyEngin\プロジェクト\Library\imguiMgr.cpp(62,30): warning C4244: '引数': 'int' から 'float' への変換です。データが失われる可能性があります。
  Input.cpp
C:\Users\kawad\Desktop\MyEngin\プロジェクト\Library\Vector.h(48,84): warning C4244: '引数': 'double' から 'float' への変換です。データが失われる可能性があります。
C:\Users\kawad\Desktop\MyEngin\プロジェクト\Library\Vector.h(58,115): warning C4244: '引数': 'double' から 'float' への変換です。データが失われる可能性があります。
C:\Users\kawad\Desktop\MyEngin\プロジェクト\Library\Input.cpp(104,28): warning C4244: '引数': 'LONG' から 'float' への変換です。データが失われる可能性があります。
C:\Users\kawad\Desktop\MyEngin\プロジェクト\Library\Input.cpp(104,21): warning C4244: '引数': 'LONG' から 'float' への変換です。データが失われる可能性があります。
C:\Users\kawad\Desktop\MyEngin\プロジェクト\Library\Input.cpp(112,23): warning C4244: '=': 'LONG' から 'float' への変換です。データが失われる可能性があります。
C:\Users\kawad\Desktop\MyEngin\プロジェクト\Library\Input.cpp(113,23): warning C4244: '=': 'LONG' から 'float' への変換です。データが失われる可能性があります。
  コンパイル中...
  SceneManager.cpp
  WinAPI.cpp
  Vector.cpp
C:\Users\kawad\Desktop\MyEngin\プロジェクト\Library\Vector.h(48,84): warning C4244: '引数': 'double' から 'float' への変換です。データが失われる可能性があります。
C:\Users\kawad\Desktop\MyEngin\プロジェクト\Library\Vector.h(58,115): warning C4244: '引数': 'double' から 'float' への変換です。データが失われる可能性があります。
C:\Users\kawad\Desktop\MyEngin\プロジェクト\Library\Vector.cpp(40,87): warning C4244: '引数': 'double' から 'const float' への変換です。データが失われる可能性があります。
  SceneChanger.cpp
  Sprite.cpp
C:\Users\kawad\Desktop\MyEngin\プロジェクト\Library\SpriteManager.h(67,47): warning C4244: '=': 'int' から 'float' への変換です。データが失われる可能性があります。
C:\Users\kawad\Desktop\MyEngin\プロジェクト\Library\SpriteManager.h(68,49): warning C4244: '=': 'int' から 'float' への変換です。データが失われる可能性があります。
C:\Users\kawad\Desktop\MyEngin\プロジェクト\Library\SpriteManager.h(69,47): warning C4244: '=': 'int' から 'float' への変換です。データが失われる可能性があります。
C:\Users\kawad\Desktop\MyEngin\プロジェクト\Library\SpriteManager.h(70,48): warning C4244: '=': 'int' から 'float' への変換です。データが失われる可能性があります。
C:\Users\kawad\Desktop\MyEngin\プロジェクト\Library\Sprite.cpp(80,115): warning C4244: '引数': 'int' から 'float' への変換です。データが失われる可能性があります。
C:\Users\kawad\Desktop\MyEngin\プロジェクト\Library\Sprite.cpp(80,79): warning C4244: '引数': 'int' から 'float' への変換です。データが失われる可能性があります。
  SpriteManager.cpp
C:\Users\kawad\Desktop\MyEngin\プロジェクト\Library\SpriteManager.h(67,47): warning C4244: '=': 'int' から 'float' への変換です。データが失われる可能性があります。
C:\Users\kawad\Desktop\MyEngin\プロジェクト\Library\SpriteManager.h(68,49): warning C4244: '=': 'int' から 'float' への変換です。データが失われる可能性があります。
C:\Users\kawad\Desktop\MyEngin\プロジェクト\Library\SpriteManager.h(69,47): warning C4244: '=': 'int' から 'float' への変換です。データが失われる可能性があります。
C:\Users\kawad\Desktop\MyEngin\プロジェクト\Library\SpriteManager.h(70,48): warning C4244: '=': 'int' から 'float' への変換です。データが失われる可能性があります。
C:\Users\kawad\Desktop\MyEngin\プロジェクト\Library\SpriteManager.cpp(10,49): warning C4244: '=': 'int' から 'float' への変換です。データが失われる可能性があります。
C:\Users\kawad\Desktop\MyEngin\プロジェクト\Library\SpriteManager.cpp(11,51): warning C4244: '=': 'int' から 'float' への変換です。データが失われる可能性があります。
C:\Users\kawad\Desktop\MyEngin\プロジェクト\Library\SpriteManager.cpp(12,49): warning C4244: '=': 'int' から 'float' への変換です。データが失われる可能性があります。
C:\Users\kawad\Desktop\MyEngin\プロジェクト\Library\SpriteManager.cpp(13,50): warning C4244: '=': 'int' から 'float' への変換です。データが失われる可能性があります。
  TexManager.cpp
C:\Users\kawad\Desktop\MyEngin\プロジェクト\Library\Vector.h(48,84): warning C4244: '引数': 'double' から 'float' への変換です。データが失われる可能性があります。
C:\Users\kawad\Desktop\MyEngin\プロジェクト\Library\Vector.h(58,115): warning C4244: '引数': 'double' から 'float' への変換です。データが失われる可能性があります。
C:\Users\kawad\Desktop\MyEngin\プロジェクト\Library\TexManager.cpp(123,60): warning C4244: '=': 'size_t' から 'float' への変換です。データが失われる可能性があります。
  Library.vcxproj -> C:\Users\kawad\Desktop\MyEngin\プロジェクト\x64\Debug\Library.lib
